<?xml version="1.0" encoding="UTF-8"?>
<testsuite xmlns:xsi="http://www.w3.org/2001/XMLSchema-instance" xsi:noNamespaceSchemaLocation="https://maven.apache.org/surefire/maven-surefire-plugin/xsd/surefire-test-report.xsd" name="top.bayesian.chi.sql.DataToDataBaseTest" time="0.027" tests="1" errors="1" skipped="0" failures="0">
  <properties>
    <property name="java.specification.version" value="13"/>
    <property name="sun.cpu.isalist" value="amd64"/>
    <property name="sun.jnu.encoding" value="GBK"/>
    <property name="java.class.path" value="D:\Cloud\Dev\Chinese\database\sql\chi\target\test-classes;D:\Cloud\Dev\Chinese\database\sql\chi\target\classes;C:\Users\Edward\.m2\repository\com\alibaba\fastjson\1.2.66\fastjson-1.2.66.jar;C:\Users\Edward\.m2\repository\junit\junit\4.11\junit-4.11.jar;C:\Users\Edward\.m2\repository\org\hamcrest\hamcrest-core\1.3\hamcrest-core-1.3.jar;C:\Users\Edward\.m2\repository\mysql\mysql-connector-java\8.0.11\mysql-connector-java-8.0.11.jar;C:\Users\Edward\.m2\repository\com\google\protobuf\protobuf-java\2.6.0\protobuf-java-2.6.0.jar;C:\Users\Edward\.m2\repository\org\apache\ibatis\ibatis-core\3.0\ibatis-core-3.0.jar;C:\Users\Edward\.m2\repository\com\googlecode\json-simple\json-simple\1.1.1\json-simple-1.1.1.jar;"/>
    <property name="java.vm.vendor" value="Oracle Corporation"/>
    <property name="sun.arch.data.model" value="64"/>
    <property name="user.variant" value=""/>
    <property name="java.vendor.url" value="https://java.oracle.com/"/>
    <property name="user.timezone" value="America/Chicago"/>
    <property name="os.name" value="Windows 10"/>
    <property name="java.vm.specification.version" value="13"/>
    <property name="sun.java.launcher" value="SUN_STANDARD"/>
    <property name="user.country" value="CN"/>
    <property name="sun.boot.library.path" value="D:\Dev\Java\jdk-13.0.1\bin"/>
    <property name="sun.java.command" value="C:\Users\Edward\AppData\Local\Temp\surefire438993693701973323\surefirebooter9774745475450047355.jar C:\Users\Edward\AppData\Local\Temp\surefire438993693701973323 2020-03-18T20-08-25_362-jvmRun1 surefire2687810292775640081tmp surefire_02765743504246721417tmp"/>
    <property name="jdk.debug" value="release"/>
    <property name="surefire.test.class.path" value="D:\Cloud\Dev\Chinese\database\sql\chi\target\test-classes;D:\Cloud\Dev\Chinese\database\sql\chi\target\classes;C:\Users\Edward\.m2\repository\com\alibaba\fastjson\1.2.66\fastjson-1.2.66.jar;C:\Users\Edward\.m2\repository\junit\junit\4.11\junit-4.11.jar;C:\Users\Edward\.m2\repository\org\hamcrest\hamcrest-core\1.3\hamcrest-core-1.3.jar;C:\Users\Edward\.m2\repository\mysql\mysql-connector-java\8.0.11\mysql-connector-java-8.0.11.jar;C:\Users\Edward\.m2\repository\com\google\protobuf\protobuf-java\2.6.0\protobuf-java-2.6.0.jar;C:\Users\Edward\.m2\repository\org\apache\ibatis\ibatis-core\3.0\ibatis-core-3.0.jar;C:\Users\Edward\.m2\repository\com\googlecode\json-simple\json-simple\1.1.1\json-simple-1.1.1.jar;"/>
    <property name="sun.cpu.endian" value="little"/>
    <property name="user.home" value="C:\Users\Edward"/>
    <property name="user.language" value="zh"/>
    <property name="java.specification.vendor" value="Oracle Corporation"/>
    <property name="java.version.date" value="2020-01-14"/>
    <property name="java.home" value="D:\Dev\Java\jdk-13.0.1"/>
    <property name="file.separator" value="\"/>
    <property name="basedir" value="D:\Cloud\Dev\Chinese\database\sql\chi"/>
    <property name="java.vm.compressedOopsMode" value="Zero based"/>
    <property name="line.separator" value="&#10;"/>
    <property name="java.vm.specification.vendor" value="Oracle Corporation"/>
    <property name="java.specification.name" value="Java Platform API Specification"/>
    <property name="surefire.real.class.path" value="C:\Users\Edward\AppData\Local\Temp\surefire438993693701973323\surefirebooter9774745475450047355.jar"/>
    <property name="user.script" value=""/>
    <property name="sun.management.compiler" value="HotSpot 64-Bit Tiered Compilers"/>
    <property name="java.runtime.version" value="13.0.2+8"/>
    <property name="user.name" value="Edward"/>
    <property name="path.separator" value=";"/>
    <property name="os.version" value="10.0"/>
    <property name="java.runtime.name" value="Java(TM) SE Runtime Environment"/>
    <property name="file.encoding" value="GBK"/>
    <property name="java.vm.name" value="Java HotSpot(TM) 64-Bit Server VM"/>
    <property name="localRepository" value="C:\Users\Edward\.m2\repository"/>
    <property name="java.vendor.url.bug" value="https://bugreport.java.com/bugreport/"/>
    <property name="java.io.tmpdir" value="C:\Users\Edward\AppData\Local\Temp\"/>
    <property name="java.version" value="13.0.2"/>
    <property name="user.dir" value="D:\Cloud\Dev\Chinese\database\sql\chi"/>
    <property name="os.arch" value="amd64"/>
    <property name="java.vm.specification.name" value="Java Virtual Machine Specification"/>
    <property name="sun.os.patch.level" value=""/>
    <property name="java.library.path" value="D:\Dev\Java\jdk-13.0.1\bin;C:\Windows\Sun\Java\bin;C:\Windows\system32;C:\Windows;C:\Program Files (x86)\Common Files\Oracle\Java\javapath;C:\Windows\system32;C:\Windows;C:\Windows\System32\Wbem;C:\Windows\System32\WindowsPowerShell\v1.0\;C:\Windows\System32\OpenSSH\;C:\Program Files\NVIDIA Corporation\NVIDIA NvDLISR;C:\Program Files (x86)\NVIDIA Corporation\PhysX\Common;C:\MinGW\bin;C:\Program Files\Git\cmd;C:\texlive\2019\bin\win32;D:\Dev\spring-2.3.0.BUILD-SNAPSHOT\bin;D:\Dev\apache-maven-3.6.3\bin;C:\Program Files\PuTTY\;D:\Dev\Java\jdk-13.0.1\bin;C:\Program Files\Android\Android Studio\jre\bin;C:\Users\Edward\.m2\repository;C:\Users\Edward\AppData\Local\Microsoft\WindowsApps;;C:\Users\Edward\AppData\Local\Programs\Microsoft VS Code\bin;C:\texlive\2019\bin\win32;."/>
    <property name="java.vm.info" value="mixed mode, sharing"/>
    <property name="java.vendor" value="Oracle Corporation"/>
    <property name="java.vm.version" value="13.0.2+8"/>
    <property name="sun.io.unicode.encoding" value="UnicodeLittle"/>
    <property name="java.class.version" value="57.0"/>
  </properties>
  <testcase name="shouldAnswerWithTrue" classname="top.bayesian.chi.sql.DataToDataBaseTest" time="0.006">
    <error message="Unresolved compilation problem: &#10;	Syntax error, insert &quot;;&quot; to complete Statement&#10;" type="java.lang.Error">java.lang.Error: 
Unresolved compilation problem: 
	Syntax error, insert ";" to complete Statement

	at top.bayesian.chi.sql.DataToDataBaseTest.shouldAnswerWithTrue(DataToDataBaseTest.java:22)
</error>
  </testcase>
</testsuite>